<?xml version="1.0" encoding="UTF-8"?>
<testng-results ignored="0" total="2" passed="2" failed="0" skipped="0">
  <reporter-output>
  </reporter-output>
  <suite started-at="2021-06-14T18:06:12 IST" name="Suite" finished-at="2021-06-14T18:07:38 IST" duration-ms="85903">
    <groups>
    </groups>
    <test started-at="2021-06-14T18:06:12 IST" name="Test" finished-at="2021-06-14T18:07:38 IST" duration-ms="85903">
      <class name="Assignment1.Goibibo.GoibiboE2E">
        <test-method signature="ticketBooking(java.lang.String,java.lang.String)[pri:0, instance:Assignment1.Goibibo.GoibiboE2E@7e8a46b7]" started-at="2021-06-14T18:06:12 IST" name="ticketBooking" data-provider="TestData" finished-at="2021-06-14T18:06:56 IST" duration-ms="43846" status="PASS">
          <params>
            <param index="0">
              <value>
                <![CDATA[Delhi]]>
              </value>
            </param>
            <param index="1">
              <value>
                <![CDATA[Chandigarh]]>
              </value>
            </param>
          </params>
          <reporter-output>
          </reporter-output>
        </test-method> <!-- ticketBooking -->
        <test-method signature="ticketBooking(java.lang.String,java.lang.String)[pri:0, instance:Assignment1.Goibibo.GoibiboE2E@7e8a46b7]" started-at="2021-06-14T18:06:56 IST" name="ticketBooking" data-provider="TestData" finished-at="2021-06-14T18:07:37 IST" duration-ms="41080" status="PASS">
          <params>
            <param index="0">
              <value>
                <![CDATA[Bhubaneswar]]>
              </value>
            </param>
            <param index="1">
              <value>
                <![CDATA[Bangalore]]>
              </value>
            </param>
          </params>
          <reporter-output>
          </reporter-output>
        </test-method> <!-- ticketBooking -->
        <test-method is-config="true" signature="closeBrowser()[pri:0, instance:Assignment1.Goibibo.GoibiboE2E@7e8a46b7]" started-at="2021-06-14T18:07:37 IST" name="closeBrowser" finished-at="2021-06-14T18:07:38 IST" duration-ms="875" status="PASS">
          <reporter-output>
          </reporter-output>
        </test-method> <!-- closeBrowser -->
      </class> <!-- Assignment1.Goibibo.GoibiboE2E -->
    </test> <!-- Test -->
  </suite> <!-- Suite -->
</testng-results>
